[1/248] Performing build step for 'bootloader'
[1/1] cd /home/raed/esp/ota-mqtt-blink-test/build/bootloader/esp-idf/esptool_py && /home/raed/.espressif/python_env/idf5.2_py3.8_env/bin/python /home/raed/esp/esp-idf/components/partition_table/check_sizes.py --offset 0x8000 bootloader 0x1000 /home/raed/esp/ota-mqtt-blink-test/build/bootloader/bootloader.bin
Bootloader binary size 0x6860 bytes. 0x7a0 bytes (7%) free.
[2/246] Generating x509_crt_bundle
FAILED: esp-idf/mbedtls/x509_crt_bundle 
cd /home/raed/esp/ota-mqtt-blink-test/build/esp-idf/mbedtls && /home/raed/.espressif/python_env/idf5.2_py3.8_env/bin/python /home/raed/esp/esp-idf/components/mbedtls/esp_crt_bundle/gen_crt_bundle.py --input -q
usage: gen_crt_bundle.py [-h] [--quiet] --input INPUT [INPUT ...]
                         [--filter FILTER]
gen_crt_bundle.py: error: argument --input/-i: expected at least one argument
ninja: build stopped: subcommand failed.
